<?xml version="1.0" encoding="UTF-8"?>
<testsuite name="org.plataforma.MainTest" tests="8" skipped="0" failures="0" errors="0" timestamp="2024-03-15T09:08:26" hostname="STOLTM7KW4KQ0" time="0.017">
  <properties/>
  <testcase name="testCount()" classname="org.plataforma.MainTest" time="0.009"/>
  <testcase name="testGreet()" classname="org.plataforma.MainTest" time="0.001"/>
  <testcase name="testGreetAll()" classname="org.plataforma.MainTest" time="0.002"/>
  <testcase name="testGreet1()" classname="org.plataforma.MainTest" time="0.0"/>
  <testcase name="testGreet2()" classname="org.plataforma.MainTest" time="0.0"/>
  <testcase name="testGreet3()" classname="org.plataforma.MainTest" time="0.0"/>
  <testcase name="testGreet4()" classname="org.plataforma.MainTest" time="0.0"/>
  <testcase name="testGreet5()" classname="org.plataforma.MainTest" time="0.0"/>
  <system-out><![CDATA[]]></system-out>
  <system-err><![CDATA[]]></system-err>
</testsuite>
